SlidingLibrary/build/intermediates/manifest_merge_blame_file/debug/manifest-merger-blame-debug-report.txt
1<?xml version="1.0" encoding="utf-8"?>
2<manifest xmlns:android="http://schemas.android.com/apk/res/android"
3    package="com.jeremyfeinstein.slidingmenu.lib"
4    android:versionCode="5"
5    android:versionName="1.3.2" >
6    <!--
7    <uses-sdk
8        android:minSdkVersion="16"
9        android:targetSdkVersion="28" />
10    -->
11    <uses-sdk
12        android:minSdkVersion="16"
12-->eLogBookAls\SlidingLibrary\AndroidManifest.xml
13        android:targetSdkVersion="29" />
13-->eLogBookAls\SlidingLibrary\AndroidManifest.xml
14
15</manifest>